0 info it worked if it ends with ok
1 verbose cli [ 'node', '/usr/local/bin/npm', 'i', 'protocator', '--save-dev' ]
2 info using npm@2.5.0
3 info using node@v0.10.36
4 warn package.json protactor-example@1.0.0 No description
5 warn package.json protactor-example@1.0.0 No repository field.
6 warn package.json protactor-example@1.0.0 No README data
7 silly cache add args [ 'protocator', null ]
8 verbose cache add spec protocator
9 silly cache add parsed spec { raw: 'protocator',
9 silly cache add   scope: null,
9 silly cache add   name: 'protocator',
9 silly cache add   rawSpec: '',
9 silly cache add   spec: '*',
9 silly cache add   type: 'range' }
10 verbose addNamed protocator@*
11 silly addNamed semver.valid null
12 silly addNamed semver.validRange *
13 silly addNameRange { name: 'protocator', range: '*', hasData: false }
14 silly mapToRegistry name protocator
15 silly mapToRegistry using default registry
16 silly mapToRegistry registry http://registry.npmjs.org/
17 silly mapToRegistry uri http://registry.npmjs.org/protocator
18 verbose addNameRange registry:http://registry.npmjs.org/protocator not in flight; fetching
19 verbose request uri http://registry.npmjs.org/protocator
20 verbose request no auth needed
21 info attempt registry request try #1 at 15:02:15
22 verbose request id a5305704fe548162
23 http request GET http://registry.npmjs.org/protocator
24 http 404 http://registry.npmjs.org/protocator
25 verbose headers { server: 'CouchDB/1.5.0 (Erlang OTP/R16B03)',
25 verbose headers   'content-type': 'application/json',
25 verbose headers   'cache-control': 'max-age=0',
25 verbose headers   'content-length': '52',
25 verbose headers   'accept-ranges': 'bytes',
25 verbose headers   date: 'Mon, 09 Feb 2015 23:02:15 GMT',
25 verbose headers   via: '1.1 varnish',
25 verbose headers   age: '0',
25 verbose headers   connection: 'keep-alive',
25 verbose headers   'x-served-by': 'cache-sjc3125-SJC',
25 verbose headers   'x-cache': 'MISS',
25 verbose headers   'x-cache-hits': '0',
25 verbose headers   'x-timer': 'S1423522935.836876,VS0,VE149' }
26 silly get cb [ 404,
26 silly get   { server: 'CouchDB/1.5.0 (Erlang OTP/R16B03)',
26 silly get     'content-type': 'application/json',
26 silly get     'cache-control': 'max-age=0',
26 silly get     'content-length': '52',
26 silly get     'accept-ranges': 'bytes',
26 silly get     date: 'Mon, 09 Feb 2015 23:02:15 GMT',
26 silly get     via: '1.1 varnish',
26 silly get     age: '0',
26 silly get     connection: 'keep-alive',
26 silly get     'x-served-by': 'cache-sjc3125-SJC',
26 silly get     'x-cache': 'MISS',
26 silly get     'x-cache-hits': '0',
26 silly get     'x-timer': 'S1423522935.836876,VS0,VE149' } ]
27 verbose stack Error: 404 Not Found: protocator
27 verbose stack     at CachingRegistryClient.<anonymous> (/usr/local/lib/node_modules/npm/node_modules/npm-registry-client/lib/request.js:251:14)
27 verbose stack     at Request._callback (/usr/local/lib/node_modules/npm/node_modules/npm-registry-client/lib/request.js:178:14)
27 verbose stack     at Request.self.callback (/usr/local/lib/node_modules/npm/node_modules/request/request.js:373:22)
27 verbose stack     at Request.emit (events.js:98:17)
27 verbose stack     at Request.<anonymous> (/usr/local/lib/node_modules/npm/node_modules/request/request.js:1318:14)
27 verbose stack     at Request.emit (events.js:117:20)
27 verbose stack     at IncomingMessage.<anonymous> (/usr/local/lib/node_modules/npm/node_modules/request/request.js:1266:12)
27 verbose stack     at IncomingMessage.emit (events.js:117:20)
27 verbose stack     at _stream_readable.js:944:16
27 verbose stack     at process._tickCallback (node.js:442:13)
28 verbose statusCode 404
29 verbose pkgid protocator
30 verbose cwd /Users/craig/Developer/Jobs/makersquare/ng-presentation/protactor-example
31 error Darwin 14.1.0
32 error argv "node" "/usr/local/bin/npm" "i" "protocator" "--save-dev"
33 error node v0.10.36
34 error npm  v2.5.0
35 error code E404
36 error 404 Not Found: protocator
36 error 404
36 error 404 'protocator' is not in the npm registry.
36 error 404 You should bug the author to publish it (or use the name yourself!)
36 error 404 It was specified as a dependency of 'protactor-example'
36 error 404
36 error 404 Note that you can also install from a
36 error 404 tarball, folder, http url, or git url.
37 verbose exit [ 1, true ]
